0 info it worked if it ends with ok
1 verbose cli [ '/usr/local/bin/node',
1 verbose cli   '/usr/bin/npm',
1 verbose cli   'uninstall',
1 verbose cli   '-g',
1 verbose cli   'yarn' ]
2 info using npm@3.10.10
3 info using node@v10.4.1
4 silly loadCurrentTree Starting
5 silly install loadCurrentTree
6 silly install readGlobalPackageData
7 silly install normalizeTree
8 silly loadCurrentTree Finishing
9 silly loadIdealTree Starting
10 silly install loadIdealTree
11 silly cloneCurrentTree Starting
12 silly install cloneCurrentTreeToIdealTree
13 silly cloneCurrentTree Finishing
14 silly loadShrinkwrap Starting
15 silly install loadShrinkwrap
16 silly loadShrinkwrap Finishing
17 silly loadAllDepsIntoIdealTree Starting
18 silly uninstall loadAllDepsIntoIdealtree
19 silly loadAllDepsIntoIdealTree Finishing
20 silly loadIdealTree Finishing
21 silly currentTree lib
21 silly currentTree └── yarn@1.7.0
22 silly idealTree lib
23 silly generateActionsToTake Starting
24 silly install generateActionsToTake
25 warn checkPermissions Missing write access to /usr/local/lib/node_modules/yarn
26 warn checkPermissions Missing write access to /usr/local/lib/node_modules
27 silly rollbackFailedOptional Starting
28 silly rollbackFailedOptional Finishing
29 silly runTopLevelLifecycles Finishing
30 silly install printInstalled
31 verbose stack Error: EACCES: permission denied, access '/usr/local/lib/node_modules/yarn'
32 verbose cwd /home/vagrant/Code/larabbs-weapp
33 error Linux 4.4.0-81-generic
34 error argv "/usr/local/bin/node" "/usr/bin/npm" "uninstall" "-g" "yarn"
35 error node v10.4.1
36 error npm  v3.10.10
37 error path /usr/local/lib/node_modules/yarn
38 error code EACCES
39 error errno -13
40 error syscall access
41 error Error: EACCES: permission denied, access '/usr/local/lib/node_modules/yarn'
41 error  { [Error: EACCES: permission denied, access '/usr/local/lib/node_modules/yarn']
41 error   errno: -13,
41 error   code: 'EACCES',
41 error   syscall: 'access',
41 error   path: '/usr/local/lib/node_modules/yarn' }
42 error Please try running this command again as root/Administrator.
43 verbose exit [ -13, true ]
